TN:
SF:D:/Staff/src/polyfills.ts
FNF:0
FNH:0
DA:41,1
DA:42,1
DA:56,1
LF:3
LH:3
BRF:0
BRH:0
end_of_record
TN:
SF:D:/Staff/src/test.ts
FN:20,(anonymous_0)
FNF:1
FNH:1
FNDA:1,(anonymous_0)
DA:3,1
DA:4,1
DA:5,1
DA:6,1
DA:7,1
DA:8,1
DA:9,1
DA:10,1
DA:20,1
DA:23,1
DA:28,1
DA:30,1
DA:32,1
LF:13
LH:13
BRF:0
BRH:0
end_of_record
TN:
SF:D:/Staff/src/app/app.component.ts
FN:9,(anonymous_2)
FN:12,AppComponent
FN:15,(anonymous_4)
FNF:3
FNH:1
FNDA:1,(anonymous_2)
FNDA:0,AppComponent
FNDA:0,(anonymous_4)
DA:1,1
DA:2,1
DA:9,1
DA:10,0
DA:12,0
DA:15,1
DA:16,0
DA:18,1
LF:8
LH:5
BRDA:12,0,0,1
BRDA:12,0,1,0
BRDA:12,1,0,1
BRF:3
BRH:2
end_of_record
TN:
SF:D:/Staff/src/app/transaction-search.service.ts
FN:6,(anonymous_2)
FN:10,TransactionSearchService
FN:12,(anonymous_4)
FNF:3
FNH:1
FNDA:1,(anonymous_2)
FNDA:0,TransactionSearchService
FNDA:0,(anonymous_4)
DA:1,1
DA:3,1
DA:6,1
DA:8,0
DA:10,0
DA:12,1
DA:13,0
DA:16,1
LF:8
LH:5
BRDA:10,0,0,1
BRDA:10,0,1,0
BRDA:10,1,0,1
BRF:3
BRH:2
end_of_record
TN:
SF:D:/Staff/src/app/transactional-search/transactional-search.component.ts
FN:11,(anonymous_2)
FN:22,TransactionalSearchComponent
FN:26,(anonymous_4)
FN:32,(anonymous_5)
FN:33,(anonymous_6)
FN:36,(anonymous_7)
FN:42,(anonymous_8)
FN:45,(anonymous_9)
FN:66,(anonymous_10)
FN:70,(anonymous_11)
FN:77,(anonymous_12)
FNF:11
FNH:8
FNDA:1,(anonymous_2)
FNDA:5,TransactionalSearchComponent
FNDA:5,(anonymous_4)
FNDA:7,(anonymous_5)
FNDA:4,(anonymous_6)
FNDA:3,(anonymous_7)
FNDA:1,(anonymous_8)
FNDA:2,(anonymous_9)
FNDA:0,(anonymous_10)
FNDA:0,(anonymous_11)
FNDA:0,(anonymous_12)
DA:1,1
DA:2,1
DA:11,1
DA:17,5
DA:19,5
DA:22,5
DA:23,5
DA:26,1
DA:27,5
DA:28,5
DA:32,7
DA:33,7
DA:34,4
DA:35,4
DA:37,3
DA:38,3
DA:42,1
DA:43,1
DA:44,1
DA:45,1
DA:47,2
DA:49,0
DA:50,2
DA:51,0
DA:55,2
DA:56,0
DA:61,0
DA:66,1
DA:67,0
DA:69,0
DA:70,0
DA:71,0
DA:72,0
DA:73,0
DA:75,0
DA:77,0
DA:78,0
DA:79,0
DA:80,0
DA:82,0
DA:88,1
LF:41
LH:25
BRDA:44,0,0,1
BRDA:44,0,1,0
BRDA:47,1,0,0
BRDA:47,1,1,2
BRDA:47,2,0,2
BRDA:47,2,1,2
BRDA:50,3,0,0
BRDA:50,3,1,2
BRDA:55,4,0,0
BRDA:55,4,1,2
BRDA:67,5,0,0
BRDA:67,5,1,0
BRDA:69,6,0,0
BRDA:69,6,1,0
BRDA:71,7,0,0
BRDA:71,7,1,0
BRDA:72,8,0,0
BRDA:72,8,1,0
BRDA:78,9,0,0
BRDA:78,9,1,0
BRDA:79,10,0,0
BRDA:79,10,1,0
BRDA:22,11,0,1
BRDA:22,11,1,0
BRDA:22,12,0,1
BRF:25
BRH:8
end_of_record
