TN:
SF:D:/Staff/src/polyfills.ts
FNF:0
FNH:0
DA:41,1
DA:42,1
DA:56,1
LF:3
LH:3
BRF:0
BRH:0
end_of_record
TN:
SF:D:/Staff/src/test.ts
FN:20,(anonymous_0)
FNF:1
FNH:1
FNDA:1,(anonymous_0)
DA:3,1
DA:4,1
DA:5,1
DA:6,1
DA:7,1
DA:8,1
DA:9,1
DA:10,1
DA:20,1
DA:23,1
DA:28,1
DA:30,1
DA:32,1
LF:13
LH:13
BRF:0
BRH:0
end_of_record
TN:
SF:D:/Staff/src/app/app.component.ts
FN:9,(anonymous_2)
FN:12,AppComponent
FNF:2
FNH:1
FNDA:1,(anonymous_2)
FNDA:0,AppComponent
DA:1,1
DA:9,1
DA:10,0
DA:16,1
LF:4
LH:3
BRF:0
BRH:0
end_of_record
TN:
SF:D:/Staff/src/app/transaction-search.service.ts
FN:7,(anonymous_2)
FN:11,TransactionSearchService
FN:13,(anonymous_4)
FNF:3
FNH:3
FNDA:1,(anonymous_2)
FNDA:2,TransactionSearchService
FNDA:1,(anonymous_4)
DA:1,1
DA:3,1
DA:7,1
DA:9,2
DA:11,2
DA:13,1
DA:14,1
DA:17,1
LF:8
LH:8
BRDA:11,0,0,1
BRDA:11,0,1,0
BRDA:11,1,0,1
BRF:3
BRH:2
end_of_record
TN:
SF:D:/Staff/src/app/search/search.component.ts
FN:9,(anonymous_2)
FN:11,SearchComponent
FN:13,(anonymous_4)
FN:17,(anonymous_5)
FNF:4
FNH:1
FNDA:1,(anonymous_2)
FNDA:0,SearchComponent
FNDA:0,(anonymous_4)
FNDA:0,(anonymous_5)
DA:1,1
DA:2,1
DA:9,1
DA:11,0
DA:13,1
DA:17,1
DA:18,0
DA:20,1
LF:8
LH:6
BRDA:11,0,0,1
BRDA:11,0,1,0
BRDA:11,1,0,1
BRF:3
BRH:2
end_of_record
TN:
SF:D:/Staff/src/app/transactional-search/transactional-search.component.ts
FN:12,(anonymous_2)
FN:24,TransactionalSearchComponent
FN:28,(anonymous_4)
FN:33,(anonymous_5)
FN:34,(anonymous_6)
FN:37,(anonymous_7)
FN:43,(anonymous_8)
FN:46,(anonymous_9)
FN:79,(anonymous_10)
FN:82,(anonymous_11)
FN:91,(anonymous_12)
FNF:11
FNH:1
FNDA:1,(anonymous_2)
FNDA:0,TransactionalSearchComponent
FNDA:0,(anonymous_4)
FNDA:0,(anonymous_5)
FNDA:0,(anonymous_6)
FNDA:0,(anonymous_7)
FNDA:0,(anonymous_8)
FNDA:0,(anonymous_9)
FNDA:0,(anonymous_10)
FNDA:0,(anonymous_11)
FNDA:0,(anonymous_12)
DA:1,1
DA:2,1
DA:12,1
DA:19,0
DA:24,0
DA:25,0
DA:28,1
DA:29,0
DA:30,0
DA:33,1
DA:34,0
DA:35,0
DA:36,0
DA:38,0
DA:39,0
DA:43,1
DA:44,0
DA:45,0
DA:46,0
DA:48,0
DA:50,0
DA:51,0
DA:52,0
DA:56,0
DA:57,0
DA:61,0
DA:79,1
DA:80,0
DA:81,0
DA:82,0
DA:83,0
DA:84,0
DA:85,0
DA:86,0
DA:89,0
DA:91,0
DA:92,0
DA:93,0
DA:94,0
DA:95,0
DA:98,0
DA:103,1
LF:42
LH:8
BRDA:45,0,0,0
BRDA:45,0,1,0
BRDA:48,1,0,0
BRDA:48,1,1,0
BRDA:48,2,0,0
BRDA:48,2,1,0
BRDA:51,3,0,0
BRDA:51,3,1,0
BRDA:56,4,0,0
BRDA:56,4,1,0
BRDA:80,5,0,0
BRDA:80,5,1,0
BRDA:81,6,0,0
BRDA:81,6,1,0
BRDA:83,7,0,0
BRDA:83,7,1,0
BRDA:85,8,0,0
BRDA:85,8,1,0
BRDA:92,9,0,0
BRDA:92,9,1,0
BRDA:94,10,0,0
BRDA:94,10,1,0
BRDA:24,11,0,1
BRDA:24,11,1,0
BRDA:24,12,0,1
BRF:25
BRH:2
end_of_record
