TN:
SF:C:/staff/src/polyfills.ts
FNF:0
FNH:0
DA:41,1
DA:42,1
DA:56,1
LF:3
LH:3
BRF:0
BRH:0
end_of_record
TN:
SF:C:/staff/src/test.ts
FN:20,(anonymous_0)
FNF:1
FNH:1
FNDA:1,(anonymous_0)
DA:3,1
DA:4,1
DA:5,1
DA:6,1
DA:7,1
DA:8,1
DA:9,1
DA:10,1
DA:20,1
DA:23,1
DA:28,1
DA:30,1
DA:32,1
LF:13
LH:13
BRF:0
BRH:0
end_of_record
TN:
SF:C:/staff/src/app/app.component.ts
FN:8,(anonymous_2)
FN:9,AppComponent
FN:11,(anonymous_4)
FNF:3
FNH:2
FNDA:1,(anonymous_2)
FNDA:1,AppComponent
FNDA:0,(anonymous_4)
DA:1,1
DA:2,1
DA:8,1
DA:9,1
DA:11,1
DA:13,0
DA:16,1
LF:7
LH:6
BRDA:9,0,0,1
BRDA:9,0,1,0
BRDA:9,1,0,1
BRF:3
BRH:2
end_of_record
TN:
SF:C:/staff/src/app/currency.pipe.ts
FN:7,(anonymous_1)
FN:7,CurrencyPipe
FN:9,(anonymous_3)
FNF:3
FNH:2
FNDA:1,(anonymous_1)
FNDA:1,CurrencyPipe
FNDA:0,(anonymous_3)
DA:1,1
DA:2,1
DA:7,1
DA:9,1
DA:10,0
DA:11,0
DA:12,0
DA:13,0
DA:15,0
DA:16,0
DA:18,0
DA:23,1
LF:12
LH:5
BRDA:9,0,0,0
BRDA:9,0,1,0
BRDA:9,1,0,0
BRDA:9,1,1,0
BRDA:10,2,0,0
BRDA:10,2,1,0
BRDA:11,3,0,0
BRDA:11,3,1,0
BRDA:15,4,0,0
BRDA:15,4,1,0
BRF:10
BRH:0
end_of_record
TN:
SF:C:/staff/src/app/dashboard/dashboard.component.ts
FN:11,(anonymous_2)
FN:13,DashboardComponent
FN:15,(anonymous_4)
FN:18,(anonymous_5)
FNF:4
FNH:4
FNDA:1,(anonymous_2)
FNDA:2,DashboardComponent
FNDA:2,(anonymous_4)
FNDA:1,(anonymous_5)
DA:1,1
DA:2,1
DA:11,1
DA:13,2
DA:15,1
DA:16,2
DA:18,1
DA:19,1
DA:21,1
LF:9
LH:9
BRDA:13,0,0,1
BRDA:13,0,1,0
BRDA:13,1,0,1
BRF:3
BRH:2
end_of_record
TN:
SF:C:/staff/src/app/service/data.service.ts
FN:7,(anonymous_2)
FN:11,DataService
FN:12,(anonymous_4)
FNF:3
FNH:3
FNDA:1,(anonymous_2)
FNDA:2,DataService
FNDA:1,(anonymous_4)
DA:1,1
DA:4,1
DA:7,1
DA:9,2
DA:11,2
DA:12,1
DA:13,1
DA:16,1
LF:8
LH:8
BRDA:11,0,0,1
BRDA:11,0,1,0
BRDA:11,1,0,1
BRF:3
BRH:2
end_of_record
TN:
SF:C:/staff/src/app/transactiondetails/transactiondetails.component.ts
FN:10,(anonymous_2)
FN:18,TransactiondetailsComponent
FN:19,(anonymous_4)
FN:21,(anonymous_5)
FN:25,(anonymous_6)
FN:26,(anonymous_7)
FN:29,(anonymous_8)
FN:33,(anonymous_9)
FN:35,(anonymous_10)
FNF:9
FNH:9
FNDA:1,(anonymous_2)
FNDA:5,TransactiondetailsComponent
FNDA:5,(anonymous_4)
FNDA:5,(anonymous_5)
FNDA:7,(anonymous_6)
FNDA:4,(anonymous_7)
FNDA:3,(anonymous_8)
FNDA:2,(anonymous_9)
FNDA:2,(anonymous_10)
DA:1,1
DA:2,1
DA:10,1
DA:16,5
DA:18,5
DA:19,5
DA:20,5
DA:21,5
DA:22,5
DA:25,7
DA:26,7
DA:27,4
DA:30,3
DA:33,2
DA:34,2
DA:35,2
DA:36,2
DA:37,1
DA:38,1
DA:40,1
DA:46,1
LF:21
LH:21
BRDA:36,0,0,1
BRDA:36,0,1,1
BRDA:38,1,0,1
BRDA:38,1,1,0
BRDA:18,2,0,1
BRDA:18,2,1,0
BRDA:18,3,0,1
BRF:7
BRH:5
end_of_record
